<?xml version="1.0" encoding="UTF-8"?>
<!-- Generated by org.testng.reporters.JUnitReportReporter -->
<testsuite hostname="HARISH" failures="0" tests="1" name="amazeAutomatePack.LoginTest" time="18.192" errors="0" timestamp="21 Sep 2020 10:18:24 GMT" skipped="0">
  <testcase classname="amazeAutomatePack.LoginTest" name="openfb" time="18.192"/>
</testsuite> <!-- amazeAutomatePack.LoginTest -->
