<?xml version="1.0" encoding="UTF-8"?>
<!-- Generated by org.testng.reporters.JUnitReportReporter -->
<testsuite hostname="HARISH" failures="0" tests="1" name="amazonAutomation.LoginToAmazonTest" time="6.529" errors="0" timestamp="2020-09-21T18:15:33 IST" skipped="0">
  <testcase classname="amazonAutomation.LoginToAmazonTest" name="loginto" time="6.529"/>
  <system-out/>
</testsuite> <!-- amazonAutomation.LoginToAmazonTest -->
