<?xml version="1.0" encoding="UTF-8"?>
<!-- Generated by org.testng.reporters.JUnitReportReporter -->
<testsuite hostname="HARISH" failures="0" tests="1" name="amazonAutomation.LoginToAmazonTest" time="9.499" errors="0" timestamp="2020-09-29T22:12:06 IST" skipped="0">
  <testcase classname="amazonAutomation.LoginToAmazonTest" name="loginto" time="9.499"/>
  <system-out/>
</testsuite> <!-- amazonAutomation.LoginToAmazonTest -->
